<?xml version="1.0" encoding="UTF-8"?>
<coverage generated="1756412994182" clover="3.2.0">
  <project timestamp="1756412994182" name="All files">
    <metrics statements="184" coveredstatements="59" conditionals="77" coveredconditionals="16" methods="38" coveredmethods="9" elements="299" coveredelements="84" complexity="0" loc="184" ncloc="184" packages="1" files="2" classes="2"/>
    <file name="utils.ts" path="/Users/techsquidtv/Documents/Git/WordCalc/word-calc/src/utils.ts">
      <metrics statements="59" coveredstatements="59" conditionals="19" coveredconditionals="16" methods="9" coveredmethods="9"/>
      <line num="12" count="1" type="stmt"/>
      <line num="13" count="14" type="cond" truecount="3" falsecount="0"/>
      <line num="14" count="3" type="stmt"/>
      <line num="18" count="11" type="stmt"/>
      <line num="19" count="11" type="cond" truecount="3" falsecount="0"/>
      <line num="20" count="3" type="stmt"/>
      <line num="24" count="8" type="stmt"/>
      <line num="30" count="17" type="stmt"/>
      <line num="33" count="8" type="cond" truecount="3" falsecount="0"/>
      <line num="34" count="3" type="stmt"/>
      <line num="36" count="12" type="stmt"/>
      <line num="37" count="7" type="stmt"/>
      <line num="41" count="8" type="stmt"/>
      <line num="42" count="8" type="cond" truecount="1" falsecount="3"/>
      <line num="46" count="1" type="stmt"/>
      <line num="47" count="5" type="stmt"/>
      <line num="48" count="5" type="stmt"/>
      <line num="51" count="46" type="stmt"/>
      <line num="52" count="5" type="stmt"/>
      <line num="53" count="5" type="stmt"/>
      <line num="54" count="5" type="stmt"/>
      <line num="55" count="5" type="stmt"/>
      <line num="57" count="5" type="stmt"/>
      <line num="67" count="1" type="stmt"/>
      <line num="68" count="4" type="stmt"/>
      <line num="69" count="4" type="stmt"/>
      <line num="71" count="4" type="stmt"/>
      <line num="77" count="1" type="stmt"/>
      <line num="78" count="16" type="stmt"/>
      <line num="81" count="16" type="stmt"/>
      <line num="85" count="16" type="stmt"/>
      <line num="88" count="16" type="stmt"/>
      <line num="89" count="16" type="stmt"/>
      <line num="90" count="16" type="stmt"/>
      <line num="91" count="16" type="stmt"/>
      <line num="94" count="16" type="stmt"/>
      <line num="97" count="16" type="stmt"/>
      <line num="100" count="16" type="stmt"/>
      <line num="103" count="16" type="stmt"/>
      <line num="104" count="16" type="stmt"/>
      <line num="107" count="16" type="stmt"/>
      <line num="110" count="16" type="stmt"/>
      <line num="111" count="16" type="stmt"/>
      <line num="114" count="16" type="stmt"/>
      <line num="115" count="16" type="stmt"/>
      <line num="118" count="16" type="stmt"/>
      <line num="121" count="16" type="stmt"/>
      <line num="124" count="16" type="stmt"/>
      <line num="127" count="16" type="stmt"/>
      <line num="129" count="16" type="stmt"/>
      <line num="132" count="1" type="stmt"/>
      <line num="133" count="20" type="cond" truecount="1" falsecount="0"/>
      <line num="134" count="9" type="stmt"/>
      <line num="135" count="9" type="cond" truecount="2" falsecount="0"/>
      <line num="138" count="11" type="stmt"/>
      <line num="139" count="11" type="stmt"/>
      <line num="141" count="11" type="cond" truecount="1" falsecount="0"/>
      <line num="142" count="5" type="cond" truecount="2" falsecount="0"/>
      <line num="145" count="6" type="stmt"/>
    </file>
    <file name="wordcalc.tsx" path="/Users/techsquidtv/Documents/Git/WordCalc/word-calc/src/wordcalc.tsx">
      <metrics statements="125" coveredstatements="0" conditionals="58" coveredconditionals="0" methods="29" coveredmethods="0"/>
      <line num="1" count="0" type="stmt"/>
      <line num="13" count="0" type="stmt"/>
      <line num="14" count="0" type="stmt"/>
      <line num="15" count="0" type="stmt"/>
      <line num="43" count="0" type="stmt"/>
      <line num="44" count="0" type="stmt"/>
      <line num="45" count="0" type="cond" truecount="0" falsecount="4"/>
      <line num="47" count="0" type="stmt"/>
      <line num="53" count="0" type="stmt"/>
      <line num="54" count="0" type="stmt"/>
      <line num="55" count="0" type="stmt"/>
      <line num="56" count="0" type="stmt"/>
      <line num="57" count="0" type="stmt"/>
      <line num="58" count="0" type="stmt"/>
      <line num="61" count="0" type="stmt"/>
      <line num="62" count="0" type="cond" truecount="0" falsecount="2"/>
      <line num="66" count="0" type="stmt"/>
      <line num="67" count="0" type="cond" truecount="0" falsecount="4"/>
      <line num="68" count="0" type="stmt"/>
      <line num="71" count="0" type="cond" truecount="0" falsecount="2"/>
      <line num="72" count="0" type="cond" truecount="0" falsecount="2"/>
      <line num="73" count="0" type="stmt"/>
      <line num="77" count="0" type="stmt"/>
      <line num="78" count="0" type="cond" truecount="0" falsecount="3"/>
      <line num="79" count="0" type="stmt"/>
      <line num="82" count="0" type="stmt"/>
      <line num="94" count="0" type="stmt"/>
      <line num="95" count="0" type="stmt"/>
      <line num="96" count="0" type="stmt"/>
      <line num="98" count="0" type="cond" truecount="0" falsecount="1"/>
      <line num="99" count="0" type="stmt"/>
      <line num="100" count="0" type="stmt"/>
      <line num="101" count="0" type="stmt"/>
      <line num="106" count="0" type="stmt"/>
      <line num="110" count="0" type="stmt"/>
      <line num="111" count="0" type="cond" truecount="0" falsecount="2"/>
      <line num="112" count="0" type="cond" truecount="0" falsecount="2"/>
      <line num="114" count="0" type="stmt"/>
      <line num="115" count="0" type="stmt"/>
      <line num="116" count="0" type="stmt"/>
      <line num="117" count="0" type="stmt"/>
      <line num="120" count="0" type="stmt"/>
      <line num="121" count="0" type="stmt"/>
      <line num="127" count="0" type="cond" truecount="0" falsecount="2"/>
      <line num="128" count="0" type="stmt"/>
      <line num="129" count="0" type="stmt"/>
      <line num="130" count="0" type="stmt"/>
      <line num="139" count="0" type="stmt"/>
      <line num="140" count="0" type="stmt"/>
      <line num="143" count="0" type="cond" truecount="0" falsecount="1"/>
      <line num="144" count="0" type="stmt"/>
      <line num="147" count="0" type="cond" truecount="0" falsecount="1"/>
      <line num="148" count="0" type="stmt"/>
      <line num="157" count="0" type="stmt"/>
      <line num="158" count="0" type="cond" truecount="0" falsecount="2"/>
      <line num="159" count="0" type="stmt"/>
      <line num="160" count="0" type="stmt"/>
      <line num="161" count="0" type="stmt"/>
      <line num="167" count="0" type="stmt"/>
      <line num="177" count="0" type="stmt"/>
      <line num="178" count="0" type="stmt"/>
      <line num="187" count="0" type="cond" truecount="0" falsecount="1"/>
      <line num="188" count="0" type="stmt"/>
      <line num="191" count="0" type="stmt"/>
      <line num="199" count="0" type="stmt"/>
      <line num="223" count="0" type="cond" truecount="0" falsecount="2"/>
      <line num="225" count="0" type="stmt"/>
      <line num="233" count="0" type="stmt"/>
      <line num="243" count="0" type="stmt"/>
      <line num="244" count="0" type="stmt"/>
      <line num="255" count="0" type="stmt"/>
      <line num="256" count="0" type="stmt"/>
      <line num="267" count="0" type="stmt"/>
      <line num="268" count="0" type="stmt"/>
      <line num="279" count="0" type="stmt"/>
      <line num="280" count="0" type="stmt"/>
      <line num="281" count="0" type="stmt"/>
      <line num="294" count="0" type="stmt"/>
      <line num="295" count="0" type="stmt"/>
      <line num="305" count="0" type="cond" truecount="0" falsecount="2"/>
      <line num="306" count="0" type="stmt"/>
      <line num="321" count="0" type="stmt"/>
      <line num="322" count="0" type="cond" truecount="0" falsecount="2"/>
      <line num="323" count="0" type="stmt"/>
      <line num="324" count="0" type="stmt"/>
      <line num="330" count="0" type="stmt"/>
      <line num="354" count="0" type="stmt"/>
      <line num="356" count="0" type="stmt"/>
      <line num="362" count="0" type="stmt"/>
      <line num="383" count="0" type="stmt"/>
      <line num="385" count="0" type="stmt"/>
      <line num="390" count="0" type="stmt"/>
      <line num="391" count="0" type="stmt"/>
      <line num="392" count="0" type="stmt"/>
      <line num="404" count="0" type="cond" truecount="0" falsecount="3"/>
      <line num="405" count="0" type="stmt"/>
      <line num="407" count="0" type="stmt"/>
      <line num="408" count="0" type="cond" truecount="0" falsecount="3"/>
      <line num="409" count="0" type="stmt"/>
      <line num="411" count="0" type="cond" truecount="0" falsecount="3"/>
      <line num="412" count="0" type="stmt"/>
      <line num="416" count="0" type="cond" truecount="0" falsecount="3"/>
      <line num="417" count="0" type="stmt"/>
      <line num="419" count="0" type="stmt"/>
      <line num="420" count="0" type="cond" truecount="0" falsecount="3"/>
      <line num="421" count="0" type="stmt"/>
      <line num="423" count="0" type="cond" truecount="0" falsecount="3"/>
      <line num="424" count="0" type="stmt"/>
      <line num="430" count="0" type="stmt"/>
      <line num="458" count="0" type="stmt"/>
      <line num="460" count="0" type="stmt"/>
      <line num="465" count="0" type="stmt"/>
      <line num="471" count="0" type="stmt"/>
      <line num="473" count="0" type="stmt"/>
      <line num="478" count="0" type="stmt"/>
      <line num="479" count="0" type="stmt"/>
      <line num="480" count="0" type="stmt"/>
      <line num="481" count="0" type="stmt"/>
      <line num="489" count="0" type="cond" truecount="0" falsecount="3"/>
      <line num="490" count="0" type="stmt"/>
      <line num="492" count="0" type="cond" truecount="0" falsecount="1"/>
      <line num="493" count="0" type="stmt"/>
      <line num="496" count="0" type="cond" truecount="0" falsecount="1"/>
      <line num="497" count="0" type="stmt"/>
      <line num="503" count="0" type="stmt"/>
    </file>
  </project>
</coverage>
