{"/Users/techsquidtv/Documents/Git/WordCalc/word-calc/src/utils.ts": {"path":"/Users/techsquidtv/Documents/Git/WordCalc/word-calc/src/utils.ts","statementMap":{"0":{"start":{"line":12,"column":0},"end":{"line":12,"column":16}},"1":{"start":{"line":46,"column":0},"end":{"line":46,"column":16}},"2":{"start":{"line":67,"column":0},"end":{"line":67,"column":16}},"3":{"start":{"line":77,"column":0},"end":{"line":77,"column":16}},"4":{"start":{"line":132,"column":0},"end":{"line":132,"column":16}},"5":{"start":{"line":13,"column":2},"end":{"line":15,"column":3}},"6":{"start":{"line":14,"column":4},"end":{"line":14,"column":13}},"7":{"start":{"line":18,"column":25},"end":{"line":18,"column":57}},"8":{"start":{"line":19,"column":2},"end":{"line":21,"column":3}},"9":{"start":{"line":20,"column":4},"end":{"line":20,"column":33}},"10":{"start":{"line":24,"column":24},"end":{"line":27,"column":29}},"11":{"start":{"line":30,"column":19},"end":{"line":30,"column":84}},"12":{"start":{"line":30,"column":64},"end":{"line":30,"column":83}},"13":{"start":{"line":33,"column":2},"end":{"line":38,"column":3}},"14":{"start":{"line":34,"column":4},"end":{"line":37,"column":61}},"15":{"start":{"line":36,"column":24},"end":{"line":36,"column":47}},"16":{"start":{"line":37,"column":24},"end":{"line":37,"column":59}},"17":{"start":{"line":41,"column":21},"end":{"line":41,"column":38}},"18":{"start":{"line":42,"column":2},"end":{"line":42,"column":70}},"19":{"start":{"line":47,"column":22},"end":{"line":47,"column":49}},"20":{"start":{"line":48,"column":16},"end":{"line":51,"column":38}},"21":{"start":{"line":51,"column":22},"end":{"line":51,"column":37}},"22":{"start":{"line":52,"column":20},"end":{"line":52,"column":32}},"23":{"start":{"line":53,"column":25},"end":{"line":53,"column":36}},"24":{"start":{"line":54,"column":33},"end":{"line":54,"column":63}},"25":{"start":{"line":55,"column":25},"end":{"line":55,"column":46}},"26":{"start":{"line":57,"column":2},"end":{"line":63,"column":4}},"27":{"start":{"line":68,"column":25},"end":{"line":68,"column":62}},"28":{"start":{"line":69,"column":26},"end":{"line":69,"column":64}},"29":{"start":{"line":71,"column":2},"end":{"line":74,"column":4}},"30":{"start":{"line":78,"column":16},"end":{"line":78,"column":20}},"31":{"start":{"line":81,"column":2},"end":{"line":81,"column":45}},"32":{"start":{"line":85,"column":2},"end":{"line":85,"column":48}},"33":{"start":{"line":88,"column":2},"end":{"line":88,"column":54}},"34":{"start":{"line":89,"column":2},"end":{"line":89,"column":50}},"35":{"start":{"line":90,"column":2},"end":{"line":90,"column":50}},"36":{"start":{"line":91,"column":2},"end":{"line":91,"column":48}},"37":{"start":{"line":94,"column":2},"end":{"line":94,"column":50}},"38":{"start":{"line":97,"column":2},"end":{"line":97,"column":60}},"39":{"start":{"line":100,"column":2},"end":{"line":100,"column":61}},"40":{"start":{"line":103,"column":2},"end":{"line":103,"column":52}},"41":{"start":{"line":104,"column":2},"end":{"line":104,"column":48}},"42":{"start":{"line":107,"column":2},"end":{"line":107,"column":43}},"43":{"start":{"line":110,"column":2},"end":{"line":110,"column":50}},"44":{"start":{"line":111,"column":2},"end":{"line":111,"column":50}},"45":{"start":{"line":114,"column":2},"end":{"line":114,"column":40}},"46":{"start":{"line":115,"column":2},"end":{"line":115,"column":48}},"47":{"start":{"line":118,"column":2},"end":{"line":118,"column":54}},"48":{"start":{"line":121,"column":2},"end":{"line":121,"column":49}},"49":{"start":{"line":124,"column":2},"end":{"line":124,"column":41}},"50":{"start":{"line":127,"column":2},"end":{"line":127,"column":27}},"51":{"start":{"line":129,"column":2},"end":{"line":129,"column":17}},"52":{"start":{"line":133,"column":2},"end":{"line":136,"column":3}},"53":{"start":{"line":134,"column":20},"end":{"line":134,"column":44}},"54":{"start":{"line":135,"column":4},"end":{"line":135,"column":55}},"55":{"start":{"line":138,"column":23},"end":{"line":138,"column":42}},"56":{"start":{"line":139,"column":18},"end":{"line":139,"column":59}},"57":{"start":{"line":141,"column":2},"end":{"line":143,"column":3}},"58":{"start":{"line":142,"column":4},"end":{"line":142,"column":65}},"59":{"start":{"line":145,"column":2},"end":{"line":145,"column":40}}},"fnMap":{"0":{"name":"countParagraphs","decl":{"start":{"line":12,"column":16},"end":{"line":12,"column":31}},"loc":{"start":{"line":12,"column":44},"end":{"line":43,"column":1}}},"1":{"name":"(anonymous_1)","decl":{"start":{"line":30,"column":57},"end":{"line":30,"column":58}},"loc":{"start":{"line":30,"column":64},"end":{"line":30,"column":83}}},"2":{"name":"(anonymous_2)","decl":{"start":{"line":36,"column":14},"end":{"line":36,"column":15}},"loc":{"start":{"line":36,"column":24},"end":{"line":36,"column":47}}},"3":{"name":"(anonymous_3)","decl":{"start":{"line":37,"column":14},"end":{"line":37,"column":15}},"loc":{"start":{"line":37,"column":24},"end":{"line":37,"column":59}}},"4":{"name":"analyzeTextStatic","decl":{"start":{"line":46,"column":16},"end":{"line":46,"column":33}},"loc":{"start":{"line":46,"column":46},"end":{"line":64,"column":1}}},"5":{"name":"(anonymous_5)","decl":{"start":{"line":51,"column":12},"end":{"line":51,"column":13}},"loc":{"start":{"line":51,"column":22},"end":{"line":51,"column":37}}},"6":{"name":"calculateTimeEstimates","decl":{"start":{"line":67,"column":16},"end":{"line":67,"column":38}},"loc":{"start":{"line":67,"column":110},"end":{"line":75,"column":1}}},"7":{"name":"cleanTextForWordCount","decl":{"start":{"line":77,"column":16},"end":{"line":77,"column":37}},"loc":{"start":{"line":77,"column":50},"end":{"line":130,"column":1}}},"8":{"name":"formatTime","decl":{"start":{"line":132,"column":16},"end":{"line":132,"column":26}},"loc":{"start":{"line":132,"column":42},"end":{"line":146,"column":1}}}},"branchMap":{"0":{"loc":{"start":{"line":13,"column":2},"end":{"line":15,"column":3}},"type":"if","locations":[{"start":{"line":13,"column":2},"end":{"line":15,"column":3}}]},"1":{"loc":{"start":{"line":13,"column":6},"end":{"line":13,"column":39}},"type":"binary-expr","locations":[{"start":{"line":13,"column":6},"end":{"line":13,"column":11}},{"start":{"line":13,"column":15},"end":{"line":13,"column":39}}]},"2":{"loc":{"start":{"line":19,"column":2},"end":{"line":21,"column":3}},"type":"if","locations":[{"start":{"line":19,"column":2},"end":{"line":21,"column":3}}]},"3":{"loc":{"start":{"line":19,"column":6},"end":{"line":19,"column":49}},"type":"binary-expr","locations":[{"start":{"line":19,"column":6},"end":{"line":19,"column":20}},{"start":{"line":19,"column":24},"end":{"line":19,"column":49}}]},"4":{"loc":{"start":{"line":33,"column":2},"end":{"line":38,"column":3}},"type":"if","locations":[{"start":{"line":33,"column":2},"end":{"line":38,"column":3}}]},"5":{"loc":{"start":{"line":33,"column":6},"end":{"line":33,"column":60}},"type":"binary-expr","locations":[{"start":{"line":33,"column":6},"end":{"line":33,"column":28}},{"start":{"line":33,"column":32},"end":{"line":33,"column":60}}]},"6":{"loc":{"start":{"line":42,"column":9},"end":{"line":42,"column":69}},"type":"cond-expr","locations":[{"start":{"line":42,"column":26},"end":{"line":42,"column":36}},{"start":{"line":42,"column":39},"end":{"line":42,"column":69}}]},"7":{"loc":{"start":{"line":42,"column":39},"end":{"line":42,"column":69}},"type":"cond-expr","locations":[{"start":{"line":42,"column":64},"end":{"line":42,"column":65}},{"start":{"line":42,"column":68},"end":{"line":42,"column":69}}]},"8":{"loc":{"start":{"line":133,"column":2},"end":{"line":136,"column":3}},"type":"if","locations":[{"start":{"line":133,"column":2},"end":{"line":136,"column":3}}]},"9":{"loc":{"start":{"line":135,"column":28},"end":{"line":135,"column":52}},"type":"cond-expr","locations":[{"start":{"line":135,"column":44},"end":{"line":135,"column":47}},{"start":{"line":135,"column":50},"end":{"line":135,"column":52}}]},"10":{"loc":{"start":{"line":141,"column":2},"end":{"line":143,"column":3}},"type":"if","locations":[{"start":{"line":141,"column":2},"end":{"line":143,"column":3}}]},"11":{"loc":{"start":{"line":142,"column":33},"end":{"line":142,"column":62}},"type":"cond-expr","locations":[{"start":{"line":142,"column":54},"end":{"line":142,"column":57}},{"start":{"line":142,"column":60},"end":{"line":142,"column":62}}]}},"s":{"0":1,"1":1,"2":1,"3":1,"4":1,"5":14,"6":3,"7":11,"8":11,"9":3,"10":8,"11":8,"12":17,"13":8,"14":3,"15":12,"16":7,"17":8,"18":8,"19":5,"20":5,"21":46,"22":5,"23":5,"24":5,"25":5,"26":5,"27":4,"28":4,"29":4,"30":16,"31":16,"32":16,"33":16,"34":16,"35":16,"36":16,"37":16,"38":16,"39":16,"40":16,"41":16,"42":16,"43":16,"44":16,"45":16,"46":16,"47":16,"48":16,"49":16,"50":16,"51":16,"52":20,"53":9,"54":9,"55":11,"56":11,"57":11,"58":5,"59":6},"f":{"0":14,"1":17,"2":12,"3":7,"4":5,"5":46,"6":4,"7":16,"8":20},"b":{"0":[3],"1":[14,12],"2":[3],"3":[11,3],"4":[3],"5":[8,5],"6":[8,0],"7":[0,0],"8":[9],"9":[8,1],"10":[5],"11":[3,2]}}
,"/Users/techsquidtv/Documents/Git/WordCalc/word-calc/src/wordcalc.tsx": {"path":"/Users/techsquidtv/Documents/Git/WordCalc/word-calc/src/wordcalc.tsx","statementMap":{"0":{"start":{"line":53,"column":0},"end":{"line":53,"column":24}},"1":{"start":{"line":1,"column":0},"end":{"line":1,"column":null}},"2":{"start":{"line":13,"column":0},"end":{"line":13,"column":66}},"3":{"start":{"line":14,"column":0},"end":{"line":14,"column":41}},"4":{"start":{"line":15,"column":0},"end":{"line":15,"column":null}},"5":{"start":{"line":43,"column":2},"end":{"line":48,"column":3}},"6":{"start":{"line":44,"column":17},"end":{"line":44,"column":43}},"7":{"start":{"line":45,"column":4},"end":{"line":45,"column":56}},"8":{"start":{"line":47,"column":4},"end":{"line":47,"column":16}},"9":{"start":{"line":54,"column":36},"end":{"line":54,"column":50}},"10":{"start":{"line":55,"column":28},"end":{"line":55,"column":57}},"11":{"start":{"line":56,"column":40},"end":{"line":56,"column":60}},"12":{"start":{"line":57,"column":54},"end":{"line":57,"column":74}},"13":{"start":{"line":58,"column":56},"end":{"line":58,"column":76}},"14":{"start":{"line":61,"column":25},"end":{"line":63,"column":19}},"15":{"start":{"line":62,"column":4},"end":{"line":62,"column":63}},"16":{"start":{"line":66,"column":24},"end":{"line":74,"column":63}},"17":{"start":{"line":67,"column":4},"end":{"line":69,"column":5}},"18":{"start":{"line":68,"column":6},"end":{"line":68,"column":18}},"19":{"start":{"line":71,"column":25},"end":{"line":71,"column":60}},"20":{"start":{"line":72,"column":26},"end":{"line":72,"column":62}},"21":{"start":{"line":73,"column":4},"end":{"line":73,"column":79}},"22":{"start":{"line":77,"column":19},"end":{"line":91,"column":50}},"23":{"start":{"line":78,"column":4},"end":{"line":80,"column":5}},"24":{"start":{"line":79,"column":6},"end":{"line":79,"column":18}},"25":{"start":{"line":82,"column":4},"end":{"line":90,"column":6}},"26":{"start":{"line":94,"column":27},"end":{"line":136,"column":8}},"27":{"start":{"line":95,"column":4},"end":{"line":135,"column":5}},"28":{"start":{"line":96,"column":28},"end":{"line":96,"column":53}},"29":{"start":{"line":98,"column":6},"end":{"line":107,"column":7}},"30":{"start":{"line":99,"column":8},"end":{"line":99,"column":47}},"31":{"start":{"line":100,"column":8},"end":{"line":100,"column":28}},"32":{"start":{"line":101,"column":8},"end":{"line":105,"column":11}},"33":{"start":{"line":106,"column":8},"end":{"line":106,"column":15}},"34":{"start":{"line":110,"column":26},"end":{"line":110,"column":60}},"35":{"start":{"line":111,"column":27},"end":{"line":111,"column":68}},"36":{"start":{"line":112,"column":28},"end":{"line":112,"column":70}},"37":{"start":{"line":114,"column":6},"end":{"line":114,"column":53}},"38":{"start":{"line":115,"column":6},"end":{"line":115,"column":55}},"39":{"start":{"line":116,"column":6},"end":{"line":116,"column":36}},"40":{"start":{"line":117,"column":6},"end":{"line":117,"column":26}},"41":{"start":{"line":120,"column":33},"end":{"line":120,"column":65}},"42":{"start":{"line":121,"column":6},"end":{"line":125,"column":9}},"43":{"start":{"line":127,"column":27},"end":{"line":127,"column":88}},"44":{"start":{"line":128,"column":6},"end":{"line":128,"column":29}},"45":{"start":{"line":129,"column":6},"end":{"line":129,"column":26}},"46":{"start":{"line":130,"column":6},"end":{"line":134,"column":9}},"47":{"start":{"line":139,"column":2},"end":{"line":141,"column":25}},"48":{"start":{"line":140,"column":4},"end":{"line":140,"column":23}},"49":{"start":{"line":143,"column":2},"end":{"line":145,"column":3}},"50":{"start":{"line":144,"column":4},"end":{"line":144,"column":81}},"51":{"start":{"line":147,"column":2},"end":{"line":185,"column":3}},"52":{"start":{"line":148,"column":4},"end":{"line":184,"column":6}},"53":{"start":{"line":157,"column":38},"end":{"line":157,"column":63}},"54":{"start":{"line":158,"column":16},"end":{"line":172,"column":17}},"55":{"start":{"line":159,"column":18},"end":{"line":159,"column":48}},"56":{"start":{"line":160,"column":18},"end":{"line":160,"column":33}},"57":{"start":{"line":161,"column":18},"end":{"line":165,"column":21}},"58":{"start":{"line":167,"column":18},"end":{"line":171,"column":21}},"59":{"start":{"line":177,"column":16},"end":{"line":177,"column":37}},"60":{"start":{"line":178,"column":16},"end":{"line":178,"column":31}},"61":{"start":{"line":187,"column":2},"end":{"line":189,"column":3}},"62":{"start":{"line":188,"column":4},"end":{"line":188,"column":59}},"63":{"start":{"line":191,"column":2},"end":{"line":201,"column":4}},"64":{"start":{"line":199,"column":30},"end":{"line":199,"column":50}},"65":{"start":{"line":223,"column":22},"end":{"line":223,"column":55}},"66":{"start":{"line":225,"column":19},"end":{"line":231,"column":2}},"67":{"start":{"line":233,"column":2},"end":{"line":342,"column":4}},"68":{"start":{"line":243,"column":16},"end":{"line":243,"column":68}},"69":{"start":{"line":244,"column":16},"end":{"line":248,"column":19}},"70":{"start":{"line":255,"column":16},"end":{"line":255,"column":59}},"71":{"start":{"line":256,"column":16},"end":{"line":260,"column":19}},"72":{"start":{"line":267,"column":16},"end":{"line":267,"column":60}},"73":{"start":{"line":268,"column":16},"end":{"line":272,"column":19}},"74":{"start":{"line":279,"column":30},"end":{"line":279,"column":297}},"75":{"start":{"line":280,"column":16},"end":{"line":280,"column":44}},"76":{"start":{"line":281,"column":16},"end":{"line":285,"column":19}},"77":{"start":{"line":294,"column":16},"end":{"line":294,"column":46}},"78":{"start":{"line":295,"column":16},"end":{"line":295,"column":48}},"79":{"start":{"line":305,"column":18},"end":{"line":305,"column":96}},"80":{"start":{"line":306,"column":16},"end":{"line":310,"column":19}},"81":{"start":{"line":321,"column":38},"end":{"line":321,"column":63}},"82":{"start":{"line":322,"column":16},"end":{"line":335,"column":17}},"83":{"start":{"line":323,"column":18},"end":{"line":323,"column":46}},"84":{"start":{"line":324,"column":18},"end":{"line":328,"column":21}},"85":{"start":{"line":330,"column":18},"end":{"line":334,"column":21}},"86":{"start":{"line":354,"column":19},"end":{"line":354,"column":34}},"87":{"start":{"line":356,"column":2},"end":{"line":371,"column":4}},"88":{"start":{"line":362,"column":8},"end":{"line":367,"column":null}},"89":{"start":{"line":383,"column":18},"end":{"line":383,"column":33}},"90":{"start":{"line":385,"column":38},"end":{"line":428,"column":4}},"91":{"start":{"line":390,"column":6},"end":{"line":390,"column":58}},"92":{"start":{"line":391,"column":6},"end":{"line":391,"column":12}},"93":{"start":{"line":392,"column":6},"end":{"line":396,"column":9}},"94":{"start":{"line":404,"column":8},"end":{"line":406,"column":9}},"95":{"start":{"line":405,"column":10},"end":{"line":405,"column":45}},"96":{"start":{"line":407,"column":25},"end":{"line":407,"column":40}},"97":{"start":{"line":408,"column":8},"end":{"line":410,"column":9}},"98":{"start":{"line":409,"column":10},"end":{"line":409,"column":59}},"99":{"start":{"line":411,"column":8},"end":{"line":413,"column":9}},"100":{"start":{"line":412,"column":10},"end":{"line":412,"column":63}},"101":{"start":{"line":416,"column":8},"end":{"line":418,"column":9}},"102":{"start":{"line":417,"column":10},"end":{"line":417,"column":46}},"103":{"start":{"line":419,"column":25},"end":{"line":419,"column":40}},"104":{"start":{"line":420,"column":8},"end":{"line":422,"column":9}},"105":{"start":{"line":421,"column":10},"end":{"line":421,"column":60}},"106":{"start":{"line":423,"column":8},"end":{"line":425,"column":9}},"107":{"start":{"line":424,"column":10},"end":{"line":424,"column":63}},"108":{"start":{"line":430,"column":2},"end":{"line":454,"column":4}},"109":{"start":{"line":458,"column":19},"end":{"line":458,"column":34}},"110":{"start":{"line":460,"column":2},"end":{"line":467,"column":4}},"111":{"start":{"line":465,"column":22},"end":{"line":465,"column":67}},"112":{"start":{"line":471,"column":18},"end":{"line":471,"column":33}},"113":{"start":{"line":473,"column":38},"end":{"line":501,"column":4}},"114":{"start":{"line":478,"column":33},"end":{"line":478,"column":69}},"115":{"start":{"line":479,"column":6},"end":{"line":479,"column":34}},"116":{"start":{"line":480,"column":6},"end":{"line":480,"column":12}},"117":{"start":{"line":481,"column":6},"end":{"line":485,"column":9}},"118":{"start":{"line":489,"column":8},"end":{"line":491,"column":9}},"119":{"start":{"line":490,"column":10},"end":{"line":490,"column":49}},"120":{"start":{"line":492,"column":8},"end":{"line":494,"column":9}},"121":{"start":{"line":493,"column":10},"end":{"line":493,"column":54}},"122":{"start":{"line":496,"column":8},"end":{"line":498,"column":9}},"123":{"start":{"line":497,"column":10},"end":{"line":497,"column":65}},"124":{"start":{"line":503,"column":2},"end":{"line":519,"column":4}}},"fnMap":{"0":{"name":"readClipboardText","decl":{"start":{"line":42,"column":15},"end":{"line":42,"column":32}},"loc":{"start":{"line":42,"column":32},"end":{"line":49,"column":1}}},"1":{"name":"Command","decl":{"start":{"line":53,"column":24},"end":{"line":53,"column":31}},"loc":{"start":{"line":53,"column":31},"end":{"line":202,"column":1}}},"2":{"name":"(anonymous_2)","decl":{"start":{"line":61,"column":33},"end":{"line":61,"column":36}},"loc":{"start":{"line":61,"column":38},"end":{"line":63,"column":3}}},"3":{"name":"(anonymous_3)","decl":{"start":{"line":66,"column":32},"end":{"line":66,"column":35}},"loc":{"start":{"line":66,"column":37},"end":{"line":74,"column":3}}},"4":{"name":"(anonymous_4)","decl":{"start":{"line":77,"column":27},"end":{"line":77,"column":30}},"loc":{"start":{"line":77,"column":32},"end":{"line":91,"column":3}}},"5":{"name":"(anonymous_5)","decl":{"start":{"line":94,"column":39},"end":{"line":94,"column":44}},"loc":{"start":{"line":94,"column":50},"end":{"line":136,"column":3}}},"6":{"name":"(anonymous_6)","decl":{"start":{"line":139,"column":12},"end":{"line":139,"column":15}},"loc":{"start":{"line":139,"column":17},"end":{"line":141,"column":3}}},"7":{"name":"(anonymous_7)","decl":{"start":{"line":156,"column":24},"end":{"line":156,"column":29}},"loc":{"start":{"line":156,"column":35},"end":{"line":173,"column":15}}},"8":{"name":"(anonymous_8)","decl":{"start":{"line":176,"column":25},"end":{"line":176,"column":26}},"loc":{"start":{"line":176,"column":34},"end":{"line":179,"column":15}}},"9":{"name":"(anonymous_9)","decl":{"start":{"line":199,"column":20},"end":{"line":199,"column":21}},"loc":{"start":{"line":199,"column":30},"end":{"line":199,"column":50}}},"10":{"name":"WordAnalysisView","decl":{"start":{"line":205,"column":9},"end":{"line":205,"column":25}},"loc":{"start":{"line":221,"column":1},"end":{"line":343,"column":1}}},"11":{"name":"(anonymous_11)","decl":{"start":{"line":242,"column":24},"end":{"line":242,"column":29}},"loc":{"start":{"line":242,"column":35},"end":{"line":249,"column":15}}},"12":{"name":"(anonymous_12)","decl":{"start":{"line":254,"column":24},"end":{"line":254,"column":29}},"loc":{"start":{"line":254,"column":35},"end":{"line":261,"column":15}}},"13":{"name":"(anonymous_13)","decl":{"start":{"line":266,"column":24},"end":{"line":266,"column":29}},"loc":{"start":{"line":266,"column":35},"end":{"line":273,"column":15}}},"14":{"name":"(anonymous_14)","decl":{"start":{"line":278,"column":24},"end":{"line":278,"column":29}},"loc":{"start":{"line":278,"column":35},"end":{"line":286,"column":15}}},"15":{"name":"(anonymous_15)","decl":{"start":{"line":293,"column":30},"end":{"line":293,"column":31}},"loc":{"start":{"line":293,"column":52},"end":{"line":296,"column":15}}},"16":{"name":"(anonymous_16)","decl":{"start":{"line":303,"column":24},"end":{"line":303,"column":29}},"loc":{"start":{"line":303,"column":35},"end":{"line":311,"column":15}}},"17":{"name":"(anonymous_17)","decl":{"start":{"line":320,"column":24},"end":{"line":320,"column":29}},"loc":{"start":{"line":320,"column":35},"end":{"line":336,"column":15}}},"18":{"name":"AdjustSpeedsAction","decl":{"start":{"line":345,"column":9},"end":{"line":345,"column":27}},"loc":{"start":{"line":353,"column":1},"end":{"line":372,"column":1}}},"19":{"name":"(anonymous_19)","decl":{"start":{"line":361,"column":16},"end":{"line":361,"column":19}},"loc":{"start":{"line":362,"column":8},"end":{"line":367,"column":null}}},"20":{"name":"SpeedAdjustmentForm","decl":{"start":{"line":374,"column":9},"end":{"line":374,"column":28}},"loc":{"start":{"line":382,"column":1},"end":{"line":455,"column":1}}},"21":{"name":"(anonymous_21)","decl":{"start":{"line":389,"column":4},"end":{"line":389,"column":12}},"loc":{"start":{"line":389,"column":19},"end":{"line":397,"column":5}}},"22":{"name":"(anonymous_22)","decl":{"start":{"line":403,"column":20},"end":{"line":403,"column":21}},"loc":{"start":{"line":403,"column":30},"end":{"line":414,"column":7}}},"23":{"name":"(anonymous_23)","decl":{"start":{"line":415,"column":21},"end":{"line":415,"column":22}},"loc":{"start":{"line":415,"column":31},"end":{"line":426,"column":7}}},"24":{"name":"AnalyzeCustomTextAction","decl":{"start":{"line":457,"column":9},"end":{"line":457,"column":32}},"loc":{"start":{"line":457,"column":85},"end":{"line":468,"column":1}}},"25":{"name":"(anonymous_25)","decl":{"start":{"line":465,"column":16},"end":{"line":465,"column":19}},"loc":{"start":{"line":465,"column":22},"end":{"line":465,"column":67}}},"26":{"name":"CustomTextForm","decl":{"start":{"line":470,"column":9},"end":{"line":470,"column":23}},"loc":{"start":{"line":470,"column":74},"end":{"line":520,"column":1}}},"27":{"name":"(anonymous_27)","decl":{"start":{"line":476,"column":4},"end":{"line":476,"column":12}},"loc":{"start":{"line":476,"column":19},"end":{"line":486,"column":5}}},"28":{"name":"(anonymous_28)","decl":{"start":{"line":488,"column":18},"end":{"line":488,"column":19}},"loc":{"start":{"line":488,"column":28},"end":{"line":499,"column":7}}}},"branchMap":{"0":{"loc":{"start":{"line":45,"column":11},"end":{"line":45,"column":55}},"type":"cond-expr","locations":[{"start":{"line":45,"column":44},"end":{"line":45,"column":48}},{"start":{"line":45,"column":51},"end":{"line":45,"column":55}}]},"1":{"loc":{"start":{"line":45,"column":11},"end":{"line":45,"column":41}},"type":"binary-expr","locations":[{"start":{"line":45,"column":11},"end":{"line":45,"column":15}},{"start":{"line":45,"column":19},"end":{"line":45,"column":41}}]},"2":{"loc":{"start":{"line":62,"column":11},"end":{"line":62,"column":62}},"type":"cond-expr","locations":[{"start":{"line":62,"column":25},"end":{"line":62,"column":55}},{"start":{"line":62,"column":58},"end":{"line":62,"column":62}}]},"3":{"loc":{"start":{"line":67,"column":4},"end":{"line":69,"column":5}},"type":"if","locations":[{"start":{"line":67,"column":4},"end":{"line":69,"column":5}}]},"4":{"loc":{"start":{"line":67,"column":8},"end":{"line":67,"column":70}},"type":"binary-expr","locations":[{"start":{"line":67,"column":8},"end":{"line":67,"column":23}},{"start":{"line":67,"column":27},"end":{"line":67,"column":46}},{"start":{"line":67,"column":50},"end":{"line":67,"column":70}}]},"5":{"loc":{"start":{"line":71,"column":25},"end":{"line":71,"column":60}},"type":"binary-expr","locations":[{"start":{"line":71,"column":25},"end":{"line":71,"column":53}},{"start":{"line":71,"column":57},"end":{"line":71,"column":60}}]},"6":{"loc":{"start":{"line":72,"column":26},"end":{"line":72,"column":62}},"type":"binary-expr","locations":[{"start":{"line":72,"column":26},"end":{"line":72,"column":55}},{"start":{"line":72,"column":59},"end":{"line":72,"column":62}}]},"7":{"loc":{"start":{"line":78,"column":4},"end":{"line":80,"column":5}},"type":"if","locations":[{"start":{"line":78,"column":4},"end":{"line":80,"column":5}}]},"8":{"loc":{"start":{"line":78,"column":8},"end":{"line":78,"column":41}},"type":"binary-expr","locations":[{"start":{"line":78,"column":8},"end":{"line":78,"column":23}},{"start":{"line":78,"column":27},"end":{"line":78,"column":41}}]},"9":{"loc":{"start":{"line":98,"column":6},"end":{"line":107,"column":7}},"type":"if","locations":[{"start":{"line":98,"column":6},"end":{"line":107,"column":7}}]},"10":{"loc":{"start":{"line":111,"column":27},"end":{"line":111,"column":68}},"type":"binary-expr","locations":[{"start":{"line":111,"column":27},"end":{"line":111,"column":61}},{"start":{"line":111,"column":65},"end":{"line":111,"column":68}}]},"11":{"loc":{"start":{"line":112,"column":28},"end":{"line":112,"column":70}},"type":"binary-expr","locations":[{"start":{"line":112,"column":28},"end":{"line":112,"column":63}},{"start":{"line":112,"column":67},"end":{"line":112,"column":70}}]},"12":{"loc":{"start":{"line":127,"column":27},"end":{"line":127,"column":88}},"type":"cond-expr","locations":[{"start":{"line":127,"column":50},"end":{"line":127,"column":61}},{"start":{"line":127,"column":64},"end":{"line":127,"column":88}}]},"13":{"loc":{"start":{"line":143,"column":2},"end":{"line":145,"column":3}},"type":"if","locations":[{"start":{"line":143,"column":2},"end":{"line":145,"column":3}}]},"14":{"loc":{"start":{"line":147,"column":2},"end":{"line":185,"column":3}},"type":"if","locations":[{"start":{"line":147,"column":2},"end":{"line":185,"column":3}}]},"15":{"loc":{"start":{"line":158,"column":16},"end":{"line":172,"column":17}},"type":"if","locations":[{"start":{"line":158,"column":16},"end":{"line":172,"column":17}},{"start":{"line":166,"column":23},"end":{"line":172,"column":17}}]},"16":{"loc":{"start":{"line":187,"column":2},"end":{"line":189,"column":3}},"type":"if","locations":[{"start":{"line":187,"column":2},"end":{"line":189,"column":3}}]},"17":{"loc":{"start":{"line":223,"column":22},"end":{"line":223,"column":55}},"type":"binary-expr","locations":[{"start":{"line":223,"column":22},"end":{"line":223,"column":49}},{"start":{"line":223,"column":53},"end":{"line":223,"column":55}}]},"18":{"loc":{"start":{"line":305,"column":18},"end":{"line":305,"column":96}},"type":"cond-expr","locations":[{"start":{"line":305,"column":45},"end":{"line":305,"column":82}},{"start":{"line":305,"column":85},"end":{"line":305,"column":96}}]},"19":{"loc":{"start":{"line":322,"column":16},"end":{"line":335,"column":17}},"type":"if","locations":[{"start":{"line":322,"column":16},"end":{"line":335,"column":17}},{"start":{"line":329,"column":23},"end":{"line":335,"column":17}}]},"20":{"loc":{"start":{"line":404,"column":8},"end":{"line":406,"column":9}},"type":"if","locations":[{"start":{"line":404,"column":8},"end":{"line":406,"column":9}}]},"21":{"loc":{"start":{"line":404,"column":12},"end":{"line":404,"column":41}},"type":"binary-expr","locations":[{"start":{"line":404,"column":12},"end":{"line":404,"column":18}},{"start":{"line":404,"column":22},"end":{"line":404,"column":41}}]},"22":{"loc":{"start":{"line":408,"column":8},"end":{"line":410,"column":9}},"type":"if","locations":[{"start":{"line":408,"column":8},"end":{"line":410,"column":9}}]},"23":{"loc":{"start":{"line":408,"column":12},"end":{"line":408,"column":44}},"type":"binary-expr","locations":[{"start":{"line":408,"column":12},"end":{"line":408,"column":27}},{"start":{"line":408,"column":31},"end":{"line":408,"column":44}}]},"24":{"loc":{"start":{"line":411,"column":8},"end":{"line":413,"column":9}},"type":"if","locations":[{"start":{"line":411,"column":8},"end":{"line":413,"column":9}}]},"25":{"loc":{"start":{"line":411,"column":12},"end":{"line":411,"column":44}},"type":"binary-expr","locations":[{"start":{"line":411,"column":12},"end":{"line":411,"column":25}},{"start":{"line":411,"column":29},"end":{"line":411,"column":44}}]},"26":{"loc":{"start":{"line":416,"column":8},"end":{"line":418,"column":9}},"type":"if","locations":[{"start":{"line":416,"column":8},"end":{"line":418,"column":9}}]},"27":{"loc":{"start":{"line":416,"column":12},"end":{"line":416,"column":41}},"type":"binary-expr","locations":[{"start":{"line":416,"column":12},"end":{"line":416,"column":18}},{"start":{"line":416,"column":22},"end":{"line":416,"column":41}}]},"28":{"loc":{"start":{"line":420,"column":8},"end":{"line":422,"column":9}},"type":"if","locations":[{"start":{"line":420,"column":8},"end":{"line":422,"column":9}}]},"29":{"loc":{"start":{"line":420,"column":12},"end":{"line":420,"column":44}},"type":"binary-expr","locations":[{"start":{"line":420,"column":12},"end":{"line":420,"column":27}},{"start":{"line":420,"column":31},"end":{"line":420,"column":44}}]},"30":{"loc":{"start":{"line":423,"column":8},"end":{"line":425,"column":9}},"type":"if","locations":[{"start":{"line":423,"column":8},"end":{"line":425,"column":9}}]},"31":{"loc":{"start":{"line":423,"column":12},"end":{"line":423,"column":43}},"type":"binary-expr","locations":[{"start":{"line":423,"column":12},"end":{"line":423,"column":25}},{"start":{"line":423,"column":29},"end":{"line":423,"column":43}}]},"32":{"loc":{"start":{"line":489,"column":8},"end":{"line":491,"column":9}},"type":"if","locations":[{"start":{"line":489,"column":8},"end":{"line":491,"column":9}}]},"33":{"loc":{"start":{"line":489,"column":12},"end":{"line":489,"column":41}},"type":"binary-expr","locations":[{"start":{"line":489,"column":12},"end":{"line":489,"column":18}},{"start":{"line":489,"column":22},"end":{"line":489,"column":41}}]},"34":{"loc":{"start":{"line":492,"column":8},"end":{"line":494,"column":9}},"type":"if","locations":[{"start":{"line":492,"column":8},"end":{"line":494,"column":9}}]},"35":{"loc":{"start":{"line":496,"column":8},"end":{"line":498,"column":9}},"type":"if","locations":[{"start":{"line":496,"column":8},"end":{"line":498,"column":9}}]}},"s":{"0":0,"1":0,"2":0,"3":0,"4":0,"5":0,"6":0,"7":0,"8":0,"9":0,"10":0,"11":0,"12":0,"13":0,"14":0,"15":0,"16":0,"17":0,"18":0,"19":0,"20":0,"21":0,"22":0,"23":0,"24":0,"25":0,"26":0,"27":0,"28":0,"29":0,"30":0,"31":0,"32":0,"33":0,"34":0,"35":0,"36":0,"37":0,"38":0,"39":0,"40":0,"41":0,"42":0,"43":0,"44":0,"45":0,"46":0,"47":0,"48":0,"49":0,"50":0,"51":0,"52":0,"53":0,"54":0,"55":0,"56":0,"57":0,"58":0,"59":0,"60":0,"61":0,"62":0,"63":0,"64":0,"65":0,"66":0,"67":0,"68":0,"69":0,"70":0,"71":0,"72":0,"73":0,"74":0,"75":0,"76":0,"77":0,"78":0,"79":0,"80":0,"81":0,"82":0,"83":0,"84":0,"85":0,"86":0,"87":0,"88":0,"89":0,"90":0,"91":0,"92":0,"93":0,"94":0,"95":0,"96":0,"97":0,"98":0,"99":0,"100":0,"101":0,"102":0,"103":0,"104":0,"105":0,"106":0,"107":0,"108":0,"109":0,"110":0,"111":0,"112":0,"113":0,"114":0,"115":0,"116":0,"117":0,"118":0,"119":0,"120":0,"121":0,"122":0,"123":0,"124":0},"f":{"0":0,"1":0,"2":0,"3":0,"4":0,"5":0,"6":0,"7":0,"8":0,"9":0,"10":0,"11":0,"12":0,"13":0,"14":0,"15":0,"16":0,"17":0,"18":0,"19":0,"20":0,"21":0,"22":0,"23":0,"24":0,"25":0,"26":0,"27":0,"28":0},"b":{"0":[0,0],"1":[0,0],"2":[0,0],"3":[0],"4":[0,0,0],"5":[0,0],"6":[0,0],"7":[0],"8":[0,0],"9":[0],"10":[0,0],"11":[0,0],"12":[0,0],"13":[0],"14":[0],"15":[0,0],"16":[0],"17":[0,0],"18":[0,0],"19":[0,0],"20":[0],"21":[0,0],"22":[0],"23":[0,0],"24":[0],"25":[0,0],"26":[0],"27":[0,0],"28":[0],"29":[0,0],"30":[0],"31":[0,0],"32":[0],"33":[0,0],"34":[0],"35":[0]}}
}
