TN:
SF:src/utils.ts
FN:12,countParagraphs
FN:30,(anonymous_1)
FN:36,(anonymous_2)
FN:37,(anonymous_3)
FN:46,analyzeTextStatic
FN:51,(anonymous_5)
FN:67,calculateTimeEstimates
FN:77,cleanTextForWordCount
FN:132,formatTime
FNF:9
FNH:9
FNDA:14,countParagraphs
FNDA:17,(anonymous_1)
FNDA:12,(anonymous_2)
FNDA:7,(anonymous_3)
FNDA:5,analyzeTextStatic
FNDA:46,(anonymous_5)
FNDA:4,calculateTimeEstimates
FNDA:16,cleanTextForWordCount
FNDA:20,formatTime
DA:12,1
DA:13,14
DA:14,3
DA:18,11
DA:19,11
DA:20,3
DA:24,8
DA:30,17
DA:33,8
DA:34,3
DA:36,12
DA:37,7
DA:41,8
DA:42,8
DA:46,1
DA:47,5
DA:48,5
DA:51,46
DA:52,5
DA:53,5
DA:54,5
DA:55,5
DA:57,5
DA:67,1
DA:68,4
DA:69,4
DA:71,4
DA:77,1
DA:78,16
DA:81,16
DA:85,16
DA:88,16
DA:89,16
DA:90,16
DA:91,16
DA:94,16
DA:97,16
DA:100,16
DA:103,16
DA:104,16
DA:107,16
DA:110,16
DA:111,16
DA:114,16
DA:115,16
DA:118,16
DA:121,16
DA:124,16
DA:127,16
DA:129,16
DA:132,1
DA:133,20
DA:134,9
DA:135,9
DA:138,11
DA:139,11
DA:141,11
DA:142,5
DA:145,6
LF:59
LH:59
BRDA:13,0,0,3
BRDA:13,1,0,14
BRDA:13,1,1,12
BRDA:19,2,0,3
BRDA:19,3,0,11
BRDA:19,3,1,3
BRDA:33,4,0,3
BRDA:33,5,0,8
BRDA:33,5,1,5
BRDA:42,6,0,8
BRDA:42,6,1,0
BRDA:42,7,0,0
BRDA:42,7,1,0
BRDA:133,8,0,9
BRDA:135,9,0,8
BRDA:135,9,1,1
BRDA:141,10,0,5
BRDA:142,11,0,3
BRDA:142,11,1,2
BRF:19
BRH:16
end_of_record
TN:
SF:src/wordcalc.tsx
FN:42,readClipboardText
FN:53,Command
FN:61,(anonymous_2)
FN:66,(anonymous_3)
FN:77,(anonymous_4)
FN:94,(anonymous_5)
FN:139,(anonymous_6)
FN:156,(anonymous_7)
FN:176,(anonymous_8)
FN:199,(anonymous_9)
FN:205,WordAnalysisView
FN:242,(anonymous_11)
FN:254,(anonymous_12)
FN:266,(anonymous_13)
FN:278,(anonymous_14)
FN:293,(anonymous_15)
FN:303,(anonymous_16)
FN:320,(anonymous_17)
FN:345,AdjustSpeedsAction
FN:361,(anonymous_19)
FN:374,SpeedAdjustmentForm
FN:389,(anonymous_21)
FN:403,(anonymous_22)
FN:415,(anonymous_23)
FN:457,AnalyzeCustomTextAction
FN:465,(anonymous_25)
FN:470,CustomTextForm
FN:476,(anonymous_27)
FN:488,(anonymous_28)
FNF:29
FNH:0
FNDA:0,readClipboardText
FNDA:0,Command
FNDA:0,(anonymous_2)
FNDA:0,(anonymous_3)
FNDA:0,(anonymous_4)
FNDA:0,(anonymous_5)
FNDA:0,(anonymous_6)
FNDA:0,(anonymous_7)
FNDA:0,(anonymous_8)
FNDA:0,(anonymous_9)
FNDA:0,WordAnalysisView
FNDA:0,(anonymous_11)
FNDA:0,(anonymous_12)
FNDA:0,(anonymous_13)
FNDA:0,(anonymous_14)
FNDA:0,(anonymous_15)
FNDA:0,(anonymous_16)
FNDA:0,(anonymous_17)
FNDA:0,AdjustSpeedsAction
FNDA:0,(anonymous_19)
FNDA:0,SpeedAdjustmentForm
FNDA:0,(anonymous_21)
FNDA:0,(anonymous_22)
FNDA:0,(anonymous_23)
FNDA:0,AnalyzeCustomTextAction
FNDA:0,(anonymous_25)
FNDA:0,CustomTextForm
FNDA:0,(anonymous_27)
FNDA:0,(anonymous_28)
DA:1,0
DA:13,0
DA:14,0
DA:15,0
DA:43,0
DA:44,0
DA:45,0
DA:47,0
DA:53,0
DA:54,0
DA:55,0
DA:56,0
DA:57,0
DA:58,0
DA:61,0
DA:62,0
DA:66,0
DA:67,0
DA:68,0
DA:71,0
DA:72,0
DA:73,0
DA:77,0
DA:78,0
DA:79,0
DA:82,0
DA:94,0
DA:95,0
DA:96,0
DA:98,0
DA:99,0
DA:100,0
DA:101,0
DA:106,0
DA:110,0
DA:111,0
DA:112,0
DA:114,0
DA:115,0
DA:116,0
DA:117,0
DA:120,0
DA:121,0
DA:127,0
DA:128,0
DA:129,0
DA:130,0
DA:139,0
DA:140,0
DA:143,0
DA:144,0
DA:147,0
DA:148,0
DA:157,0
DA:158,0
DA:159,0
DA:160,0
DA:161,0
DA:167,0
DA:177,0
DA:178,0
DA:187,0
DA:188,0
DA:191,0
DA:199,0
DA:223,0
DA:225,0
DA:233,0
DA:243,0
DA:244,0
DA:255,0
DA:256,0
DA:267,0
DA:268,0
DA:279,0
DA:280,0
DA:281,0
DA:294,0
DA:295,0
DA:305,0
DA:306,0
DA:321,0
DA:322,0
DA:323,0
DA:324,0
DA:330,0
DA:354,0
DA:356,0
DA:362,0
DA:383,0
DA:385,0
DA:390,0
DA:391,0
DA:392,0
DA:404,0
DA:405,0
DA:407,0
DA:408,0
DA:409,0
DA:411,0
DA:412,0
DA:416,0
DA:417,0
DA:419,0
DA:420,0
DA:421,0
DA:423,0
DA:424,0
DA:430,0
DA:458,0
DA:460,0
DA:465,0
DA:471,0
DA:473,0
DA:478,0
DA:479,0
DA:480,0
DA:481,0
DA:489,0
DA:490,0
DA:492,0
DA:493,0
DA:496,0
DA:497,0
DA:503,0
LF:125
LH:0
BRDA:45,0,0,0
BRDA:45,0,1,0
BRDA:45,1,0,0
BRDA:45,1,1,0
BRDA:62,2,0,0
BRDA:62,2,1,0
BRDA:67,3,0,0
BRDA:67,4,0,0
BRDA:67,4,1,0
BRDA:67,4,2,0
BRDA:71,5,0,0
BRDA:71,5,1,0
BRDA:72,6,0,0
BRDA:72,6,1,0
BRDA:78,7,0,0
BRDA:78,8,0,0
BRDA:78,8,1,0
BRDA:98,9,0,0
BRDA:111,10,0,0
BRDA:111,10,1,0
BRDA:112,11,0,0
BRDA:112,11,1,0
BRDA:127,12,0,0
BRDA:127,12,1,0
BRDA:143,13,0,0
BRDA:147,14,0,0
BRDA:158,15,0,0
BRDA:158,15,1,0
BRDA:187,16,0,0
BRDA:223,17,0,0
BRDA:223,17,1,0
BRDA:305,18,0,0
BRDA:305,18,1,0
BRDA:322,19,0,0
BRDA:322,19,1,0
BRDA:404,20,0,0
BRDA:404,21,0,0
BRDA:404,21,1,0
BRDA:408,22,0,0
BRDA:408,23,0,0
BRDA:408,23,1,0
BRDA:411,24,0,0
BRDA:411,25,0,0
BRDA:411,25,1,0
BRDA:416,26,0,0
BRDA:416,27,0,0
BRDA:416,27,1,0
BRDA:420,28,0,0
BRDA:420,29,0,0
BRDA:420,29,1,0
BRDA:423,30,0,0
BRDA:423,31,0,0
BRDA:423,31,1,0
BRDA:489,32,0,0
BRDA:489,33,0,0
BRDA:489,33,1,0
BRDA:492,34,0,0
BRDA:496,35,0,0
BRF:58
BRH:0
end_of_record
